TN:
SF:maths.js
FN:7,addition
FN:17,quotient
FNF:2
FNH:2
FNDA:4,addition
FNDA:4,quotient
DA:1,1
DA:2,1
DA:3,1
DA:4,1
DA:5,1
DA:6,1
DA:7,4
DA:8,4
DA:9,4
DA:10,1
DA:11,1
DA:12,1
DA:13,1
DA:14,1
DA:15,1
DA:16,1
DA:17,4
DA:18,4
DA:19,4
DA:20,1
DA:21,1
DA:22,1
DA:23,1
DA:24,1
LF:24
LH:24
BRDA:7,0,0,4
BRDA:17,1,0,4
BRF:2
BRH:2
end_of_record
TN:
SF:shop.js
FN:7,getUser
FNF:1
FNH:1
FNDA:6,getUser
DA:1,1
DA:2,1
DA:3,1
DA:4,1
DA:5,1
DA:6,1
DA:7,6
DA:8,6
DA:9,6
DA:10,1
DA:11,1
DA:12,1
DA:13,1
LF:13
LH:13
BRDA:7,0,0,6
BRDA:8,1,0,5
BRF:2
BRH:2
end_of_record
