TN:
SF:maths.js
FN:7,addition
FN:21,quotient
FNF:2
FNH:2
FNDA:4,addition
FNDA:4,quotient
DA:1,1
DA:2,1
DA:3,1
DA:4,1
DA:5,1
DA:6,1
DA:7,4
DA:8,4
DA:9,1
DA:10,4
DA:11,3
DA:12,3
DA:13,4
DA:14,1
DA:15,1
DA:16,1
DA:17,1
DA:18,1
DA:19,1
DA:20,1
DA:21,4
DA:22,4
DA:23,1
DA:24,4
DA:25,1
DA:26,4
DA:27,2
DA:28,2
DA:29,4
DA:30,1
DA:31,1
DA:32,1
DA:33,1
DA:34,1
LF:34
LH:34
BRDA:7,0,0,4
BRDA:8,1,0,1
BRDA:10,2,0,3
BRDA:21,3,0,4
BRDA:22,4,0,3
BRDA:22,5,0,1
BRDA:24,6,0,3
BRDA:24,7,0,1
BRDA:26,8,0,2
BRF:9
BRH:9
end_of_record
TN:
SF:shop.js
FN:7,getUser
FNF:1
FNH:1
FNDA:6,getUser
DA:1,1
DA:2,1
DA:3,1
DA:4,1
DA:5,1
DA:6,1
DA:7,6
DA:8,6
DA:9,1
DA:10,6
DA:11,1
DA:12,6
DA:13,1
DA:14,6
DA:15,1
DA:16,6
DA:17,1
DA:18,1
DA:19,1
DA:20,1
DA:21,6
DA:22,6
DA:23,6
DA:24,1
DA:25,1
DA:26,1
DA:27,1
LF:27
LH:27
BRDA:7,0,0,6
BRDA:8,1,0,1
BRDA:10,2,0,5
BRDA:10,3,0,1
BRDA:12,4,0,4
BRDA:12,5,0,1
BRDA:14,6,0,3
BRDA:14,7,0,1
BRDA:16,8,0,2
BRDA:16,9,0,1
BRDA:16,10,0,3
BRF:11
BRH:11
end_of_record
